0 silly argv {
0 silly argv   _: [ 'version' ],
0 silly argv   lernaVersion: '4.0.0',
0 silly argv   '$0': 'node_modules/.bin/lerna'
0 silly argv }
1 notice cli v4.0.0
2 verbose rootPath /Users/janhoffmann/Work/casperlabs/casper-contracts-js-clients
3 info versioning independent
4 silly isAnythingCommitted
5 verbose isAnythingCommitted 1
6 silly getCurrentBranch
7 verbose currentBranch hotfix/bump-js-sdk
8 silly remoteBranchExists
9 silly isBehindUpstream
10 silly isBehindUpstream hotfix/bump-js-sdk is behind origin/hotfix/bump-js-sdk by 0 commit(s) and ahead by 0
11 silly hasTags
12 verbose hasTags true
13 silly git-describe.sync "a5b1e27" => {"refCount":"52","sha":"a5b1e27","isDirty":false}
14 info Assuming all packages changed
15 verbose updated casper-cep47-js-client
16 verbose updated casper-js-client-helper
17 verbose updated casper-erc20-js-client
18 verbose git-describe undefined => "a5b1e27"
19 silly git-describe parsed => {"refCount":"52","sha":"a5b1e27","isDirty":false}
20 info execute Skipping releases
21 silly lifecycle No script for "preversion" in "casper-contracts", continuing
22 silly lifecycle No script for "preversion" in "casper-js-client-helper", continuing
23 silly lifecycle No script for "version" in "casper-js-client-helper", continuing
24 silly lifecycle No script for "preversion" in "casper-cep47-js-client", continuing
25 silly lifecycle No script for "preversion" in "casper-erc20-js-client", continuing
26 silly lifecycle No script for "version" in "casper-cep47-js-client", continuing
27 silly lifecycle No script for "version" in "casper-erc20-js-client", continuing
28 silly lifecycle No script for "version" in "casper-contracts", continuing
29 silly gitAdd [
29 silly gitAdd   'packages/client-helper/package.json',
29 silly gitAdd   'packages/cep47-client/package.json',
29 silly gitAdd   'packages/cep47-client/package-lock.json',
29 silly gitAdd   'packages/erc20-client/package.json',
29 silly gitAdd   'packages/erc20-client/package-lock.json'
29 silly gitAdd ]
30 error Error: Command failed with exit code 1: git add -- packages/client-helper/package.json packages/cep47-client/package.json packages/cep47-client/package-lock.json packages/erc20-client/package.json packages/erc20-client/package-lock.json
30 error The following paths are ignored by one of your .gitignore files:
30 error packages/cep47-client/package-lock.json
30 error packages/erc20-client/package-lock.json
30 error hint: Use -f if you really want to add them.
30 error hint: Turn this message off by running
30 error hint: "git config advice.addIgnoredFile false"
30 error     at makeError (/Users/janhoffmann/Work/casperlabs/casper-contracts-js-clients/node_modules/execa/lib/error.js:60:11)
30 error     at handlePromise (/Users/janhoffmann/Work/casperlabs/casper-contracts-js-clients/node_modules/execa/index.js:118:26)
30 error     at processTicksAndRejections (internal/process/task_queues.js:95:5)
30 error     at async Promise.all (index 0)
